[2017-02-19 10:09:01] Espo.ERROR: API [GET]:/:controller, Params:Array (     [controller] => Smail ) , InputData:  - SQLSTATE[42000]: Syntax error or access violation: 1064 You have an error in your SQL syntax; check the manual that corresponds to your MySQL server version for the right syntax to use near 'DESC LIMIT 0, 20' at line 1 [] []
[2017-02-19 10:09:01] Espo.ERROR: Display Error: SQLSTATE[42000]: Syntax error or access violation: 1064 You have an error in your SQL syntax; check the manual that corresponds to your MySQL server version for the right syntax to use near 'DESC LIMIT 0, 20' at line 1, Code: 42000 URL: /api/v1/Smail?maxSize=20&offset=0&sortBy=from&asc=false [] []
[2017-02-19 10:09:50] Espo.ERROR: API [GET]:/:controller, Params:Array (     [controller] => Smail ) , InputData:  - SQLSTATE[42000]: Syntax error or access violation: 1064 You have an error in your SQL syntax; check the manual that corresponds to your MySQL server version for the right syntax to use near 'DESC LIMIT 0, 20' at line 1 [] []
[2017-02-19 10:09:50] Espo.ERROR: Display Error: SQLSTATE[42000]: Syntax error or access violation: 1064 You have an error in your SQL syntax; check the manual that corresponds to your MySQL server version for the right syntax to use near 'DESC LIMIT 0, 20' at line 1, Code: 42000 URL: /api/v1/Smail?maxSize=20&offset=0&sortBy=from&asc=false [] []
[2017-02-19 10:10:13] Espo.ERROR: API [GET]:/:controller, Params:Array (     [controller] => Smail ) , InputData:  - SQLSTATE[42000]: Syntax error or access violation: 1064 You have an error in your SQL syntax; check the manual that corresponds to your MySQL server version for the right syntax to use near 'DESC LIMIT 0, 20' at line 1 [] []
[2017-02-19 10:10:13] Espo.ERROR: Display Error: SQLSTATE[42000]: Syntax error or access violation: 1064 You have an error in your SQL syntax; check the manual that corresponds to your MySQL server version for the right syntax to use near 'DESC LIMIT 0, 20' at line 1, Code: 42000 URL: /api/v1/Smail?maxSize=20&offset=0&sortBy=from&asc=false [] []
[2017-02-19 10:14:04] Espo.ERROR: API [GET]:/:controller, Params:Array (     [controller] => Smail ) , InputData:  - SQLSTATE[42000]: Syntax error or access violation: 1064 You have an error in your SQL syntax; check the manual that corresponds to your MySQL server version for the right syntax to use near 'DESC LIMIT 0, 20' at line 1 [] []
[2017-02-19 10:14:04] Espo.ERROR: Display Error: SQLSTATE[42000]: Syntax error or access violation: 1064 You have an error in your SQL syntax; check the manual that corresponds to your MySQL server version for the right syntax to use near 'DESC LIMIT 0, 20' at line 1, Code: 42000 URL: /api/v1/Smail?maxSize=20&offset=0&sortBy=from&asc=false [] []
[2017-02-19 10:14:36] Espo.ERROR: API [GET]:/:controller, Params:Array (     [controller] => Smail ) , InputData:  - SQLSTATE[42000]: Syntax error or access violation: 1064 You have an error in your SQL syntax; check the manual that corresponds to your MySQL server version for the right syntax to use near 'DESC LIMIT 0, 20' at line 1 [] []
[2017-02-19 10:14:36] Espo.ERROR: Display Error: SQLSTATE[42000]: Syntax error or access violation: 1064 You have an error in your SQL syntax; check the manual that corresponds to your MySQL server version for the right syntax to use near 'DESC LIMIT 0, 20' at line 1, Code: 42000 URL: /api/v1/Smail?maxSize=20&offset=0&sortBy=from&asc=false [] []
[2017-02-19 10:14:44] Espo.ERROR: API [GET]:/:controller, Params:Array (     [controller] => Smail ) , InputData:  - SQLSTATE[42000]: Syntax error or access violation: 1064 You have an error in your SQL syntax; check the manual that corresponds to your MySQL server version for the right syntax to use near 'DESC LIMIT 0, 20' at line 1 [] []
[2017-02-19 10:14:44] Espo.ERROR: Display Error: SQLSTATE[42000]: Syntax error or access violation: 1064 You have an error in your SQL syntax; check the manual that corresponds to your MySQL server version for the right syntax to use near 'DESC LIMIT 0, 20' at line 1, Code: 42000 URL: /api/v1/Smail?maxSize=20&offset=0&sortBy=from&asc=false [] []
[2017-02-19 10:15:00] Espo.ERROR: API [GET]:/:controller, Params:Array (     [controller] => Smail ) , InputData:  - SQLSTATE[42000]: Syntax error or access violation: 1064 You have an error in your SQL syntax; check the manual that corresponds to your MySQL server version for the right syntax to use near 'DESC LIMIT 0, 20' at line 1 [] []
[2017-02-19 10:15:00] Espo.ERROR: Display Error: SQLSTATE[42000]: Syntax error or access violation: 1064 You have an error in your SQL syntax; check the manual that corresponds to your MySQL server version for the right syntax to use near 'DESC LIMIT 0, 20' at line 1, Code: 42000 URL: /api/v1/Smail?maxSize=20&offset=0&sortBy=from&asc=false [] []
[2017-02-19 10:15:46] Espo.ERROR: API [GET]:/:controller, Params:Array (     [controller] => Smail ) , InputData:  - SQLSTATE[42000]: Syntax error or access violation: 1064 You have an error in your SQL syntax; check the manual that corresponds to your MySQL server version for the right syntax to use near 'DESC LIMIT 0, 20' at line 1 [] []
[2017-02-19 10:15:46] Espo.ERROR: Display Error: SQLSTATE[42000]: Syntax error or access violation: 1064 You have an error in your SQL syntax; check the manual that corresponds to your MySQL server version for the right syntax to use near 'DESC LIMIT 0, 20' at line 1, Code: 42000 URL: /api/v1/Smail?maxSize=20&offset=0&sortBy=from&asc=false [] []
[2017-02-19 10:18:39] Espo.ERROR: API [GET]:/:controller, Params:Array (     [controller] => Smail ) , InputData:  - SQLSTATE[42000]: Syntax error or access violation: 1064 You have an error in your SQL syntax; check the manual that corresponds to your MySQL server version for the right syntax to use near 'DESC LIMIT 0, 20' at line 1 [] []
[2017-02-19 10:18:39] Espo.ERROR: Display Error: SQLSTATE[42000]: Syntax error or access violation: 1064 You have an error in your SQL syntax; check the manual that corresponds to your MySQL server version for the right syntax to use near 'DESC LIMIT 0, 20' at line 1, Code: 42000 URL: /api/v1/Smail?maxSize=20&offset=0&sortBy=from&asc=false [] []
[2017-02-19 10:20:45] Espo.ERROR: API [POST]:/:controller, Params:Array (     [controller] => Smail ) , InputData: {"subject":"test","text":" test test test test","fromName":"test_test","toAddress":"gedmin@mail.ru"} - sender address must match authenticated user  [] []
[2017-02-19 10:20:45] Espo.ERROR: Display Error: sender address must match authenticated user , Code: 500 URL: /api/v1/Smail [] []
[2017-02-19 10:24:15] Espo.ERROR: API [POST]:/:controller, Params:Array (     [controller] => Smail ) , InputData: {"subject":"test","text":" test test test test","fromName":"test_test","toAddress":"gedmin@mail.ru"} - sender address must match authenticated user  [] []
[2017-02-19 10:24:15] Espo.ERROR: Display Error: sender address must match authenticated user , Code: 500 URL: /api/v1/Smail [] []
[2017-02-19 10:26:37] Espo.ERROR: API [POST]:/:controller, Params:Array (     [controller] => Smail ) , InputData: {"subject":"test","text":" test test test test","fromName":"test_test","toAddress":"gedmin@mail.ru"} - sender address must match authenticated user  [] []
[2017-02-19 10:26:37] Espo.ERROR: Display Error: sender address must match authenticated user , Code: 500 URL: /api/v1/Smail [] []
[2017-02-19 10:28:01] Espo.ERROR: API [POST]:/:controller, Params:Array (     [controller] => Smail ) , InputData: {"subject":"test","text":" test test test test","fromName":"test_test","toAddress":"gedmin@mail.ru"} - sender address must match authenticated user  [] []
[2017-02-19 10:28:01] Espo.ERROR: Display Error: sender address must match authenticated user , Code: 500 URL: /api/v1/Smail [] []
[2017-02-19 10:28:50] Espo.ERROR: API [POST]:/:controller, Params:Array (     [controller] => Smail ) , InputData: {"subject":"test","text":" test test test test","fromName":"test_test","toAddress":"gedmin@mail.ru"} - sender address must match authenticated user  [] []
[2017-02-19 10:28:50] Espo.ERROR: Display Error: sender address must match authenticated user , Code: 500 URL: /api/v1/Smail [] []
[2017-02-19 10:29:24] Espo.ERROR: API [POST]:/:controller, Params:Array (     [controller] => Smail ) , InputData: {"subject":"test","text":" test test test test","fromName":"test_test","toAddress":"gedmin@mail.ru"} - sender address must match authenticated user  [] []
[2017-02-19 10:29:24] Espo.ERROR: Display Error: sender address must match authenticated user , Code: 500 URL: /api/v1/Smail [] []
[2017-02-19 10:30:29] Espo.ERROR: API [POST]:/:controller, Params:Array (     [controller] => Smail ) , InputData: {"subject":"tst","text":"tst","fromName":"tst","toAddress":"gedmin@mail.ru"} - sender address must match authenticated user  [] []
[2017-02-19 10:30:29] Espo.ERROR: Display Error: sender address must match authenticated user , Code: 500 URL: /api/v1/Smail [] []
[2017-02-19 13:39:38] Espo.ERROR: API [GET]:/:controller/layout/:name, Params:Array (     [controller] => Smail     [name] => listDashletExpanded ) , InputData:  - Layout Smail:listDashletExpanded is not found. [] []
[2017-02-19 13:39:38] Espo.ERROR: Display Error: Layout Smail:listDashletExpanded is not found., Code: 404 URL: /api/v1/Smail/layout/listDashletExpanded [] []
[2017-02-19 13:44:46] Espo.ERROR: API [GET]:/:controller/layout/:name, Params:Array (     [controller] => Smail     [name] => listDashletExpanded ) , InputData:  - Layout Smail:listDashletExpanded is not found. [] []
[2017-02-19 13:44:46] Espo.ERROR: Display Error: Layout Smail:listDashletExpanded is not found., Code: 404 URL: /api/v1/Smail/layout/listDashletExpanded [] []
[2017-02-19 13:44:55] Espo.ERROR: API [GET]:/:controller/layout/:name, Params:Array (     [controller] => Smail     [name] => listDashletExpanded ) , InputData:  - Layout Smail:listDashletExpanded is not found. [] []
[2017-02-19 13:44:55] Espo.ERROR: Display Error: Layout Smail:listDashletExpanded is not found., Code: 404 URL: /api/v1/Smail/layout/listDashletExpanded [] []
[2017-02-19 13:47:23] Espo.ERROR: API [GET]:/:controller/layout/:name, Params:Array (     [controller] => Smail     [name] => listDashletExpanded ) , InputData:  - Layout Smail:listDashletExpanded is not found. [] []
[2017-02-19 13:47:23] Espo.ERROR: Display Error: Layout Smail:listDashletExpanded is not found., Code: 404 URL: /api/v1/Smail/layout/listDashletExpanded [] []
[2017-02-19 13:49:25] Espo.ERROR: API [GET]:/:controller/layout/:name, Params:Array (     [controller] => Smail     [name] => listDashletExpanded ) , InputData:  - Layout Smail:listDashletExpanded is not found. [] []
[2017-02-19 13:49:26] Espo.ERROR: Display Error: Layout Smail:listDashletExpanded is not found., Code: 404 URL: /api/v1/Smail/layout/listDashletExpanded [] []
[2017-02-19 13:49:56] Espo.ERROR: API [GET]:/:controller/layout/:name, Params:Array (     [controller] => Smail     [name] => listDashletExpanded ) , InputData:  - Layout Smail:listDashletExpanded is not found. [] []
[2017-02-19 13:49:56] Espo.ERROR: Display Error: Layout Smail:listDashletExpanded is not found., Code: 404 URL: /api/v1/Smail/layout/listDashletExpanded [] []
[2017-02-19 13:54:31] Espo.ERROR: API [GET]:/:controller/layout/:name, Params:Array (     [controller] => Smail     [name] => listDashletExpanded ) , InputData:  - Layout Smail:listDashletExpanded is not found. [] []
[2017-02-19 13:54:31] Espo.ERROR: Display Error: Layout Smail:listDashletExpanded is not found., Code: 404 URL: /api/v1/Smail/layout/listDashletExpanded [] []
[2017-02-19 13:54:38] Espo.ERROR: API [GET]:/:controller/layout/:name, Params:Array (     [controller] => Smail     [name] => listDashletExpanded ) , InputData:  - Layout Smail:listDashletExpanded is not found. [] []
[2017-02-19 13:54:38] Espo.ERROR: Display Error: Layout Smail:listDashletExpanded is not found., Code: 404 URL: /api/v1/Smail/layout/listDashletExpanded [] []
[2017-02-19 13:57:02] Espo.ERROR: API [GET]:/:controller/layout/:name, Params:Array (     [controller] => Smail     [name] => listDashletExpanded ) , InputData:  - Layout Smail:listDashletExpanded is not found. [] []
[2017-02-19 13:57:02] Espo.ERROR: Display Error: Layout Smail:listDashletExpanded is not found., Code: 404 URL: /api/v1/Smail/layout/listDashletExpanded [] []
[2017-02-19 14:16:42] Espo.ERROR: API [GET]:/:controller/layout/:name, Params:Array (     [controller] => Smail     [name] => composeSmall ) , InputData:  - Layout Smail:composeSmall is not found. [] []
[2017-02-19 14:16:42] Espo.ERROR: Display Error: Layout Smail:composeSmall is not found., Code: 404 URL: /api/v1/Smail/layout/composeSmall [] []
[2017-02-19 14:16:48] Espo.ERROR: API [GET]:/:controller/layout/:name, Params:Array (     [controller] => Smail     [name] => composeSmall ) , InputData:  - Layout Smail:composeSmall is not found. [] []
[2017-02-19 14:16:48] Espo.ERROR: Display Error: Layout Smail:composeSmall is not found., Code: 404 URL: /api/v1/Smail/layout/composeSmall [] []
[2017-02-19 14:53:09] Espo.WARNING: E_WARNING: Invalid argument supplied for foreach() {"code":2,"message":"Invalid argument supplied for foreach()","file":"/home/yav/PhpstormProjects/espo/application/Espo/Core/Application.php","line":256,"context":{"crudList":["get","post","put","patch","delete"]}} []
[2017-02-19 14:54:59] Espo.ERROR: API [GET]:/:controller/layout/:name, Params:Array (     [controller] => Smail     [name] => composeSmall ) , InputData:  - Layout Smail:composeSmall is not found. [] []
[2017-02-19 14:54:59] Espo.ERROR: Display Error: Layout Smail:composeSmall is not found., Code: 404 URL: /api/v1/Smail/layout/composeSmall [] []
[2017-02-19 14:58:17] Espo.ERROR: API [GET]:/:controller/layout/:name, Params:Array (     [controller] => Smail     [name] => composeSmall ) , InputData:  - Layout Smail:composeSmall is not found. [] []
[2017-02-19 14:58:17] Espo.ERROR: Display Error: Layout Smail:composeSmall is not found., Code: 404 URL: /api/v1/Smail/layout/composeSmall [] []
[2017-02-19 14:58:39] Espo.ERROR: API [GET]:/:controller/layout/:name, Params:Array (     [controller] => Smail     [name] => composeSmall ) , InputData:  - Layout Smail:composeSmall is not found. [] []
[2017-02-19 14:58:39] Espo.ERROR: Display Error: Layout Smail:composeSmall is not found., Code: 404 URL: /api/v1/Smail/layout/composeSmall [] []
